#
# There is insufficient memory for the Java Runtime Environment to continue.
# Native memory allocation (malloc) failed to allocate 65552 bytes for Chunk::new
# Possible reasons:
#   The system is out of physical RAM or swap space
#   The process is running with CompressedOops enabled, and the Java Heap may be blocking the growth of the native heap
# Possible solutions:
#   Reduce memory load on the system
#   Increase physical memory or swap space
#   Check if swap backing store is full
#   Decrease Java heap size (-Xmx/-Xms)
#   Decrease number of Java threads
#   Decrease Java thread stack sizes (-Xss)
#   Set larger code cache with -XX:ReservedCodeCacheSize=
#   JVM is running with Unscaled Compressed Oops mode in which the Java heap is
#     placed in the first 4GB address space. The Java Heap base address is the
#     maximum limit for the native heap growth. Please use -XX:HeapBaseMinAddress
#     to set the Java Heap base and to place the Java Heap above 4GB virtual address.
# This output file may be truncated or incomplete.
#
#  Out of Memory Error (arena.cpp:189), pid=11448, tid=6696
#
# JRE version: Java(TM) SE Runtime Environment (17.0+35) (build 17+35-LTS-2724)
# Java VM: Java HotSpot(TM) 64-Bit Server VM (17+35-LTS-2724, mixed mode, sharing, tiered, compressed oops, compressed class ptrs, g1 gc, windows-amd64)
# No core dump will be written. Minidumps are not enabled by default on client versions of Windows
#

---------------  S U M M A R Y ------------

Command Line: -javaagent:C:\Program Files\JetBrains\IntelliJ IDEA Community Edition 2022.1\lib\idea_rt.jar=50668:C:\Program Files\JetBrains\IntelliJ IDEA Community Edition 2022.1\bin -Dfile.encoding=UTF-8 Frames.Main

Host: AMD Ryzen 3 4300GE with Radeon Graphics, 8 cores, 7G,  Windows 10 , 64 bit Build 22000 (10.0.22000.675)
Time: Thu Jun  9 01:19:58 2022 Turkey Standard Time elapsed time: 5.890879 seconds (0d 0h 0m 5s)

---------------  T H R E A D  ---------------

Current thread (0x000002359c3e26f0):  JavaThread "C2 CompilerThread0" daemon [_thread_in_native, id=6696, stack(0x0000008804800000,0x0000008804900000)]


Current CompileTask:
C2:   5890 1841   !   4       sun.awt.image.PNGImageDecoder::produceImage (1917 bytes)

Stack: [0x0000008804800000,0x0000008804900000]
Native frames: (J=compiled Java code, j=interpreted, Vv=VM code, C=native code)
V  [jvm.dll+0x66f8ea]
V  [jvm.dll+0x7ce224]
V  [jvm.dll+0x7cf9ce]
V  [jvm.dll+0x7d0033]
V  [jvm.dll+0x242bb5]
V  [jvm.dll+0xaa05b]
V  [jvm.dll+0xaa5ec]
V  [jvm.dll+0xaa16b]
V  [jvm.dll+0x64e33c]
V  [jvm.dll+0x578117]
V  [jvm.dll+0x21de2d]
V  [jvm.dll+0x217381]
V  [jvm.dll+0x214fb5]
V  [jvm.dll+0x1a168d]
V  [jvm.dll+0x2248f8]
V  [jvm.dll+0x222a5c]
V  [jvm.dll+0x78422b]
V  [jvm.dll+0x77e7ea]
V  [jvm.dll+0x66e715]
C  [ucrtbase.dll+0x26c0c]
C  [KERNEL32.DLL+0x154e0]
C  [ntdll.dll+0x485b]


---------------  P R O C E S S  ---------------

Threads class SMR info:
_java_thread_list=0x00000235a0333970, length=20, elements={
0x000002359c3c7050, 0x000002359c3c7cc0, 0x000002359c3dcc80, 0x000002359c3dd630,
0x000002359c3ddfe0, 0x000002359c3de990, 0x000002359c3e26f0, 0x000002359c3edf40,
0x000002359c3f9020, 0x000002359d0773c0, 0x000002359d1f7f30, 0x000002359d1f8400,
0x000002359d3139b0, 0x000002359d3183e0, 0x000002359d31dc10, 0x000002359d765e10,
0x00000235fc73f720, 0x000002359d867920, 0x000002359d91efa0, 0x000002359d91cdf0
}

Java Threads: ( => current thread )
  0x000002359c3c7050 JavaThread "Reference Handler" daemon [_thread_blocked, id=13188, stack(0x0000008804200000,0x0000008804300000)]
  0x000002359c3c7cc0 JavaThread "Finalizer" daemon [_thread_blocked, id=6364, stack(0x0000008804300000,0x0000008804400000)]
  0x000002359c3dcc80 JavaThread "Signal Dispatcher" daemon [_thread_blocked, id=10588, stack(0x0000008804400000,0x0000008804500000)]
  0x000002359c3dd630 JavaThread "Attach Listener" daemon [_thread_blocked, id=8552, stack(0x0000008804500000,0x0000008804600000)]
  0x000002359c3ddfe0 JavaThread "Service Thread" daemon [_thread_blocked, id=12728, stack(0x0000008804600000,0x0000008804700000)]
  0x000002359c3de990 JavaThread "Monitor Deflation Thread" daemon [_thread_blocked, id=12400, stack(0x0000008804700000,0x0000008804800000)]
=>0x000002359c3e26f0 JavaThread "C2 CompilerThread0" daemon [_thread_in_native, id=6696, stack(0x0000008804800000,0x0000008804900000)]
  0x000002359c3edf40 JavaThread "C1 CompilerThread0" daemon [_thread_blocked, id=3316, stack(0x0000008804900000,0x0000008804a00000)]
  0x000002359c3f9020 JavaThread "Sweeper thread" daemon [_thread_blocked, id=10148, stack(0x0000008804a00000,0x0000008804b00000)]
  0x000002359d0773c0 JavaThread "Common-Cleaner" daemon [_thread_blocked, id=712, stack(0x0000008804b00000,0x0000008804c00000)]
  0x000002359d1f7f30 JavaThread "Monitor Ctrl-Break" daemon [_thread_in_native, id=6156, stack(0x0000008804c00000,0x0000008804d00000)]
  0x000002359d1f8400 JavaThread "Notification Thread" daemon [_thread_blocked, id=10608, stack(0x0000008804d00000,0x0000008804e00000)]
  0x000002359d3139b0 JavaThread "Java2D Disposer" daemon [_thread_blocked, id=3452, stack(0x0000008804f00000,0x0000008805000000)]
  0x000002359d3183e0 JavaThread "AWT-Shutdown" [_thread_blocked, id=10876, stack(0x0000008805000000,0x0000008805100000)]
  0x000002359d31dc10 JavaThread "AWT-Windows" daemon [_thread_in_native, id=12504, stack(0x0000008805100000,0x0000008805200000)]
  0x000002359d765e10 JavaThread "AWT-EventQueue-0" [_thread_blocked, id=2940, stack(0x0000008805500000,0x0000008805600000)]
  0x00000235fc73f720 JavaThread "DestroyJavaVM" [_thread_blocked, id=10192, stack(0x0000008803b00000,0x0000008803c00000)]
  0x000002359d867920 JavaThread "TimerQueue" daemon [_thread_blocked, id=8640, stack(0x0000008805700000,0x0000008805800000)]
  0x000002359d91efa0 JavaThread "mysql-cj-abandoned-connection-cleanup" daemon [_thread_blocked, id=7228, stack(0x0000008805800000,0x0000008805900000)]
  0x000002359d91cdf0 JavaThread "Image Fetcher 0" daemon [_thread_in_Java, id=3644, stack(0x0000008805400000,0x0000008805500000)]

Other Threads:
  0x000002359c3c1550 VMThread "VM Thread" [stack: 0x0000008804100000,0x0000008804200000] [id=6348]
  0x00000235fc797510 WatcherThread [stack: 0x0000008804e00000,0x0000008804f00000] [id=2304]
  0x00000235fc77e150 GCTaskThread "GC Thread#0" [stack: 0x0000008803c00000,0x0000008803d00000] [id=11948]
  0x000002359d9defd0 GCTaskThread "GC Thread#1" [stack: 0x0000008805c00000,0x0000008805d00000] [id=12272]
  0x000002359ddd03d0 GCTaskThread "GC Thread#2" [stack: 0x0000008805d00000,0x0000008805e00000] [id=11820]
  0x000002359ddd0680 GCTaskThread "GC Thread#3" [stack: 0x0000008805e00000,0x0000008805f00000] [id=2832]
  0x000002359ddd0930 GCTaskThread "GC Thread#4" [stack: 0x0000008805f00000,0x0000008806000000] [id=7604]
  0x000002359ddd0be0 GCTaskThread "GC Thread#5" [stack: 0x0000008806000000,0x0000008806100000] [id=10032]
  0x000002359d1d60f0 GCTaskThread "GC Thread#6" [stack: 0x0000008806100000,0x0000008806200000] [id=12876]
  0x000002359dcc8870 GCTaskThread "GC Thread#7" [stack: 0x0000008806200000,0x0000008806300000] [id=3952]
  0x00000235fc78ede0 ConcurrentGCThread "G1 Main Marker" [stack: 0x0000008803d00000,0x0000008803e00000] [id=6640]
  0x00000235fc78ff90 ConcurrentGCThread "G1 Conc#0" [stack: 0x0000008803e00000,0x0000008803f00000] [id=7040]
  0x00000235fc809630 ConcurrentGCThread "G1 Refine#0" [stack: 0x0000008803f00000,0x0000008804000000] [id=10360]
  0x000002359dbe9ae0 ConcurrentGCThread "G1 Refine#1" [stack: 0x0000008806300000,0x0000008806400000] [id=5696]
  0x000002359dbe9dc0 ConcurrentGCThread "G1 Refine#2" [stack: 0x0000008806400000,0x0000008806500000] [id=13120]
  0x00000235fc80a050 ConcurrentGCThread "G1 Service" [stack: 0x0000008804000000,0x0000008804100000] [id=9272]

Threads with active compile tasks:
C2 CompilerThread0     5944 1841   !   4       sun.awt.image.PNGImageDecoder::produceImage (1917 bytes)

VM state: not at safepoint (normal execution)

VM Mutex/Monitor currently owned by a thread: None

Heap address: 0x0000000089600000, size: 1898 MB, Compressed Oops mode: 32-bit

CDS archive(s) mapped at: [0x0000000800000000-0x0000000800bc0000-0x0000000800bc0000), size 12320768, SharedBaseAddress: 0x0000000800000000, ArchiveRelocationMode: 0.
Compressed class space mapped at: 0x0000000800c00000-0x0000000840c00000, reserved size: 1073741824
Narrow klass base: 0x0000000800000000, Narrow klass shift: 0, Narrow klass range: 0x100000000

GC Precious Log:
 CPUs: 8 total, 8 available
 Memory: 7590M
 Large Page Support: Disabled
 NUMA Support: Disabled
 Compressed Oops: Enabled (32-bit)
 Heap Region Size: 1M
 Heap Min Capacity: 8M
 Heap Initial Capacity: 120M
 Heap Max Capacity: 1898M
 Pre-touch: Disabled
 Parallel Workers: 8
 Concurrent Workers: 2
 Concurrent Refinement Workers: 8
 Periodic GC: Disabled

Heap:
 garbage-first heap   total 122880K, used 66571K [0x0000000089600000, 0x0000000100000000)
  region size 1024K, 22 young (22528K), 3 survivors (3072K)
 Metaspace       used 17595K, committed 17856K, reserved 1064960K
  class space    used 2006K, committed 2112K, reserved 1048576K

Heap Regions: E=young(eden), S=young(survivor), O=old, HS=humongous(starts), HC=humongous(continues), CS=collection set, F=free, OA=open archive, CA=closed archive, TAMS=top-at-mark-start (previous, next)
|   0|0x0000000089600000, 0x0000000089700000, 0x0000000089700000|100%| O|  |TAMS 0x0000000089600000, 0x0000000089600000| Untracked 
|   1|0x0000000089700000, 0x0000000089800000, 0x0000000089800000|100%| O|  |TAMS 0x0000000089700000, 0x0000000089700000| Untracked 
|   2|0x0000000089800000, 0x0000000089802c00, 0x0000000089900000|  1%| O|  |TAMS 0x0000000089800000, 0x0000000089800000| Untracked 
|   3|0x0000000089900000, 0x0000000089a00000, 0x0000000089a00000|100%|HS|  |TAMS 0x0000000089900000, 0x0000000089900000| Complete 
|   4|0x0000000089a00000, 0x0000000089b00000, 0x0000000089b00000|100%|HC|  |TAMS 0x0000000089a00000, 0x0000000089a00000| Complete 
|   5|0x0000000089b00000, 0x0000000089c00000, 0x0000000089c00000|100%|HC|  |TAMS 0x0000000089b00000, 0x0000000089b00000| Complete 
|   6|0x0000000089c00000, 0x0000000089d00000, 0x0000000089d00000|100%|HC|  |TAMS 0x0000000089c00000, 0x0000000089c00000| Complete 
|   7|0x0000000089d00000, 0x0000000089e00000, 0x0000000089e00000|100%|HC|  |TAMS 0x0000000089d00000, 0x0000000089d00000| Complete 
|   8|0x0000000089e00000, 0x0000000089f00000, 0x0000000089f00000|100%|HC|  |TAMS 0x0000000089e00000, 0x0000000089e00000| Complete 
|   9|0x0000000089f00000, 0x000000008a000000, 0x000000008a000000|100%|HC|  |TAMS 0x0000000089f00000, 0x0000000089f00000| Complete 
|  10|0x000000008a000000, 0x000000008a100000, 0x000000008a100000|100%|HC|  |TAMS 0x000000008a000000, 0x000000008a000000| Complete 
|  11|0x000000008a100000, 0x000000008a200000, 0x000000008a200000|100%|HC|  |TAMS 0x000000008a100000, 0x000000008a100000| Complete 
|  12|0x000000008a200000, 0x000000008a300000, 0x000000008a300000|100%|HC|  |TAMS 0x000000008a200000, 0x000000008a200000| Complete 
|  13|0x000000008a300000, 0x000000008a400000, 0x000000008a400000|100%|HC|  |TAMS 0x000000008a300000, 0x000000008a300000| Complete 
|  14|0x000000008a400000, 0x000000008a500000, 0x000000008a500000|100%|HS|  |TAMS 0x000000008a400000, 0x000000008a400000| Complete 
|  15|0x000000008a500000, 0x000000008a600000, 0x000000008a600000|100%|HC|  |TAMS 0x000000008a500000, 0x000000008a500000| Complete 
|  16|0x000000008a600000, 0x000000008a700000, 0x000000008a700000|100%|HC|  |TAMS 0x000000008a600000, 0x000000008a600000| Complete 
|  17|0x000000008a700000, 0x000000008a800000, 0x000000008a800000|100%|HC|  |TAMS 0x000000008a700000, 0x000000008a700000| Complete 
|  18|0x000000008a800000, 0x000000008a900000, 0x000000008a900000|100%|HC|  |TAMS 0x000000008a800000, 0x000000008a800000| Complete 
|  19|0x000000008a900000, 0x000000008aa00000, 0x000000008aa00000|100%|HC|  |TAMS 0x000000008a900000, 0x000000008a900000| Complete 
|  20|0x000000008aa00000, 0x000000008ab00000, 0x000000008ab00000|100%|HC|  |TAMS 0x000000008aa00000, 0x000000008aa00000| Complete 
|  21|0x000000008ab00000, 0x000000008ac00000, 0x000000008ac00000|100%|HC|  |TAMS 0x000000008ab00000, 0x000000008ab00000| Complete 
|  22|0x000000008ac00000, 0x000000008ad00000, 0x000000008ad00000|100%|HC|  |TAMS 0x000000008ac00000, 0x000000008ac00000| Complete 
|  23|0x000000008ad00000, 0x000000008ae00000, 0x000000008ae00000|100%|HC|  |TAMS 0x000000008ad00000, 0x000000008ad00000| Complete 
|  24|0x000000008ae00000, 0x000000008af00000, 0x000000008af00000|100%|HC|  |TAMS 0x000000008ae00000, 0x000000008ae00000| Complete 
|  25|0x000000008af00000, 0x000000008b000000, 0x000000008b000000|100%|HC|  |TAMS 0x000000008af00000, 0x000000008af00000| Complete 
|  26|0x000000008b000000, 0x000000008b100000, 0x000000008b100000|100%|HC|  |TAMS 0x000000008b000000, 0x000000008b000000| Complete 
|  27|0x000000008b100000, 0x000000008b200000, 0x000000008b200000|100%|HC|  |TAMS 0x000000008b100000, 0x000000008b100000| Complete 
|  28|0x000000008b200000, 0x000000008b300000, 0x000000008b300000|100%|HC|  |TAMS 0x000000008b200000, 0x000000008b200000| Complete 
|  29|0x000000008b300000, 0x000000008b400000, 0x000000008b400000|100%|HC|  |TAMS 0x000000008b300000, 0x000000008b300000| Complete 
|  30|0x000000008b400000, 0x000000008b500000, 0x000000008b500000|100%|HC|  |TAMS 0x000000008b400000, 0x000000008b400000| Complete 
|  31|0x000000008b500000, 0x000000008b600000, 0x000000008b600000|100%|HC|  |TAMS 0x000000008b500000, 0x000000008b500000| Complete 
|  32|0x000000008b600000, 0x000000008b700000, 0x000000008b700000|100%|HC|  |TAMS 0x000000008b600000, 0x000000008b600000| Complete 
|  33|0x000000008b700000, 0x000000008b800000, 0x000000008b800000|100%|HC|  |TAMS 0x000000008b700000, 0x000000008b700000| Complete 
|  34|0x000000008b800000, 0x000000008b900000, 0x000000008b900000|100%|HC|  |TAMS 0x000000008b800000, 0x000000008b800000| Complete 
|  35|0x000000008b900000, 0x000000008ba00000, 0x000000008ba00000|100%|HC|  |TAMS 0x000000008b900000, 0x000000008b900000| Complete 
|  36|0x000000008ba00000, 0x000000008bb00000, 0x000000008bb00000|100%|HC|  |TAMS 0x000000008ba00000, 0x000000008ba00000| Complete 
|  37|0x000000008bb00000, 0x000000008bc00000, 0x000000008bc00000|100%|HC|  |TAMS 0x000000008bb00000, 0x000000008bb00000| Complete 
|  38|0x000000008bc00000, 0x000000008bd00000, 0x000000008bd00000|100%|HC|  |TAMS 0x000000008bc00000, 0x000000008bc00000| Complete 
|  39|0x000000008bd00000, 0x000000008be00000, 0x000000008be00000|100%|HC|  |TAMS 0x000000008bd00000, 0x000000008bd00000| Complete 
|  40|0x000000008be00000, 0x000000008bf00000, 0x000000008bf00000|100%|HC|  |TAMS 0x000000008be00000, 0x000000008be00000| Complete 
|  41|0x000000008bf00000, 0x000000008c000000, 0x000000008c000000|100%|HC|  |TAMS 0x000000008bf00000, 0x000000008bf00000| Complete 
|  42|0x000000008c000000, 0x000000008c100000, 0x000000008c100000|100%|HC|  |TAMS 0x000000008c000000, 0x000000008c000000| Complete 
|  43|0x000000008c100000, 0x000000008c200000, 0x000000008c200000|100%|HC|  |TAMS 0x000000008c100000, 0x000000008c100000| Complete 
|  44|0x000000008c200000, 0x000000008c300000, 0x000000008c300000|100%|HC|  |TAMS 0x000000008c200000, 0x000000008c200000| Complete 
|  45|0x000000008c300000, 0x000000008c400000, 0x000000008c400000|100%|HC|  |TAMS 0x000000008c300000, 0x000000008c300000| Complete 
|  46|0x000000008c400000, 0x000000008c400000, 0x000000008c500000|  0%| F|  |TAMS 0x000000008c400000, 0x000000008c400000| Untracked 
|  47|0x000000008c500000, 0x000000008c500000, 0x000000008c600000|  0%| F|  |TAMS 0x000000008c500000, 0x000000008c500000| Untracked 
|  48|0x000000008c600000, 0x000000008c600000, 0x000000008c700000|  0%| F|  |TAMS 0x000000008c600000, 0x000000008c600000| Untracked 
|  49|0x000000008c700000, 0x000000008c700000, 0x000000008c800000|  0%| F|  |TAMS 0x000000008c700000, 0x000000008c700000| Untracked 
|  50|0x000000008c800000, 0x000000008c800000, 0x000000008c900000|  0%| F|  |TAMS 0x000000008c800000, 0x000000008c800000| Untracked 
|  51|0x000000008c900000, 0x000000008c900000, 0x000000008ca00000|  0%| F|  |TAMS 0x000000008c900000, 0x000000008c900000| Untracked 
|  52|0x000000008ca00000, 0x000000008ca00000, 0x000000008cb00000|  0%| F|  |TAMS 0x000000008ca00000, 0x000000008ca00000| Untracked 
|  53|0x000000008cb00000, 0x000000008cb00000, 0x000000008cc00000|  0%| F|  |TAMS 0x000000008cb00000, 0x000000008cb00000| Untracked 
|  54|0x000000008cc00000, 0x000000008cc00000, 0x000000008cd00000|  0%| F|  |TAMS 0x000000008cc00000, 0x000000008cc00000| Untracked 
|  55|0x000000008cd00000, 0x000000008cd00000, 0x000000008ce00000|  0%| F|  |TAMS 0x000000008cd00000, 0x000000008cd00000| Untracked 
|  56|0x000000008ce00000, 0x000000008ce00000, 0x000000008cf00000|  0%| F|  |TAMS 0x000000008ce00000, 0x000000008ce00000| Untracked 
|  57|0x000000008cf00000, 0x000000008cf00000, 0x000000008d000000|  0%| F|  |TAMS 0x000000008cf00000, 0x000000008cf00000| Untracked 
|  58|0x000000008d000000, 0x000000008d000000, 0x000000008d100000|  0%| F|  |TAMS 0x000000008d000000, 0x000000008d000000| Untracked 
|  59|0x000000008d100000, 0x000000008d100000, 0x000000008d200000|  0%| F|  |TAMS 0x000000008d100000, 0x000000008d100000| Untracked 
|  60|0x000000008d200000, 0x000000008d200000, 0x000000008d300000|  0%| F|  |TAMS 0x000000008d200000, 0x000000008d200000| Untracked 
|  61|0x000000008d300000, 0x000000008d300000, 0x000000008d400000|  0%| F|  |TAMS 0x000000008d300000, 0x000000008d300000| Untracked 
|  62|0x000000008d400000, 0x000000008d400000, 0x000000008d500000|  0%| F|  |TAMS 0x000000008d400000, 0x000000008d400000| Untracked 
|  63|0x000000008d500000, 0x000000008d500000, 0x000000008d600000|  0%| F|  |TAMS 0x000000008d500000, 0x000000008d500000| Untracked 
|  64|0x000000008d600000, 0x000000008d600000, 0x000000008d700000|  0%| F|  |TAMS 0x000000008d600000, 0x000000008d600000| Untracked 
|  65|0x000000008d700000, 0x000000008d700000, 0x000000008d800000|  0%| F|  |TAMS 0x000000008d700000, 0x000000008d700000| Untracked 
|  66|0x000000008d800000, 0x000000008d800000, 0x000000008d900000|  0%| F|  |TAMS 0x000000008d800000, 0x000000008d800000| Untracked 
|  67|0x000000008d900000, 0x000000008d900000, 0x000000008da00000|  0%| F|  |TAMS 0x000000008d900000, 0x000000008d900000| Untracked 
|  68|0x000000008da00000, 0x000000008da00000, 0x000000008db00000|  0%| F|  |TAMS 0x000000008da00000, 0x000000008da00000| Untracked 
|  69|0x000000008db00000, 0x000000008db00000, 0x000000008dc00000|  0%| F|  |TAMS 0x000000008db00000, 0x000000008db00000| Untracked 
|  70|0x000000008dc00000, 0x000000008dc00000, 0x000000008dd00000|  0%| F|  |TAMS 0x000000008dc00000, 0x000000008dc00000| Untracked 
|  71|0x000000008dd00000, 0x000000008dd00000, 0x000000008de00000|  0%| F|  |TAMS 0x000000008dd00000, 0x000000008dd00000| Untracked 
|  72|0x000000008de00000, 0x000000008de00000, 0x000000008df00000|  0%| F|  |TAMS 0x000000008de00000, 0x000000008de00000| Untracked 
|  73|0x000000008df00000, 0x000000008df00000, 0x000000008e000000|  0%| F|  |TAMS 0x000000008df00000, 0x000000008df00000| Untracked 
|  74|0x000000008e000000, 0x000000008e000000, 0x000000008e100000|  0%| F|  |TAMS 0x000000008e000000, 0x000000008e000000| Untracked 
|  75|0x000000008e100000, 0x000000008e100000, 0x000000008e200000|  0%| F|  |TAMS 0x000000008e100000, 0x000000008e100000| Untracked 
|  76|0x000000008e200000, 0x000000008e200000, 0x000000008e300000|  0%| F|  |TAMS 0x000000008e200000, 0x000000008e200000| Untracked 
|  77|0x000000008e300000, 0x000000008e300000, 0x000000008e400000|  0%| F|  |TAMS 0x000000008e300000, 0x000000008e300000| Untracked 
|  78|0x000000008e400000, 0x000000008e400000, 0x000000008e500000|  0%| F|  |TAMS 0x000000008e400000, 0x000000008e400000| Untracked 
|  79|0x000000008e500000, 0x000000008e500000, 0x000000008e600000|  0%| F|  |TAMS 0x000000008e500000, 0x000000008e500000| Untracked 
|  80|0x000000008e600000, 0x000000008e600000, 0x000000008e700000|  0%| F|  |TAMS 0x000000008e600000, 0x000000008e600000| Untracked 
|  81|0x000000008e700000, 0x000000008e700000, 0x000000008e800000|  0%| F|  |TAMS 0x000000008e700000, 0x000000008e700000| Untracked 
|  82|0x000000008e800000, 0x000000008e800000, 0x000000008e900000|  0%| F|  |TAMS 0x000000008e800000, 0x000000008e800000| Untracked 
|  83|0x000000008e900000, 0x000000008e900000, 0x000000008ea00000|  0%| F|  |TAMS 0x000000008e900000, 0x000000008e900000| Untracked 
|  84|0x000000008ea00000, 0x000000008ea00000, 0x000000008eb00000|  0%| F|  |TAMS 0x000000008ea00000, 0x000000008ea00000| Untracked 
|  85|0x000000008eb00000, 0x000000008eb00000, 0x000000008ec00000|  0%| F|  |TAMS 0x000000008eb00000, 0x000000008eb00000| Untracked 
|  86|0x000000008ec00000, 0x000000008ec00000, 0x000000008ed00000|  0%| F|  |TAMS 0x000000008ec00000, 0x000000008ec00000| Untracked 
|  87|0x000000008ed00000, 0x000000008ed00000, 0x000000008ee00000|  0%| F|  |TAMS 0x000000008ed00000, 0x000000008ed00000| Untracked 
|  88|0x000000008ee00000, 0x000000008ee00000, 0x000000008ef00000|  0%| F|  |TAMS 0x000000008ee00000, 0x000000008ee00000| Untracked 
|  89|0x000000008ef00000, 0x000000008ef00000, 0x000000008f000000|  0%| F|  |TAMS 0x000000008ef00000, 0x000000008ef00000| Untracked 
|  90|0x000000008f000000, 0x000000008f000000, 0x000000008f100000|  0%| F|  |TAMS 0x000000008f000000, 0x000000008f000000| Untracked 
|  91|0x000000008f100000, 0x000000008f100000, 0x000000008f200000|  0%| F|  |TAMS 0x000000008f100000, 0x000000008f100000| Untracked 
|  92|0x000000008f200000, 0x000000008f200000, 0x000000008f300000|  0%| F|  |TAMS 0x000000008f200000, 0x000000008f200000| Untracked 
|  93|0x000000008f300000, 0x000000008f300000, 0x000000008f400000|  0%| F|  |TAMS 0x000000008f300000, 0x000000008f300000| Untracked 
|  94|0x000000008f400000, 0x000000008f500000, 0x000000008f500000|100%| S|CS|TAMS 0x000000008f400000, 0x000000008f400000| Complete 
|  95|0x000000008f500000, 0x000000008f600000, 0x000000008f600000|100%| S|CS|TAMS 0x000000008f500000, 0x000000008f500000| Complete 
|  96|0x000000008f600000, 0x000000008f700000, 0x000000008f700000|100%| S|CS|TAMS 0x000000008f600000, 0x000000008f600000| Complete 
|  97|0x000000008f700000, 0x000000008f700000, 0x000000008f800000|  0%| F|  |TAMS 0x000000008f700000, 0x000000008f700000| Untracked 
|  98|0x000000008f800000, 0x000000008f800000, 0x000000008f900000|  0%| F|  |TAMS 0x000000008f800000, 0x000000008f800000| Untracked 
|  99|0x000000008f900000, 0x000000008f900000, 0x000000008fa00000|  0%| F|  |TAMS 0x000000008f900000, 0x000000008f900000| Untracked 
| 100|0x000000008fa00000, 0x000000008fa00000, 0x000000008fb00000|  0%| F|  |TAMS 0x000000008fa00000, 0x000000008fa00000| Untracked 
| 101|0x000000008fb00000, 0x000000008fbaa4b8, 0x000000008fc00000| 66%| E|  |TAMS 0x000000008fb00000, 0x000000008fb00000| Complete 
| 102|0x000000008fc00000, 0x000000008fcfce18, 0x000000008fd00000| 98%| E|  |TAMS 0x000000008fc00000, 0x000000008fc00000| Complete 
| 103|0x000000008fd00000, 0x000000008fe00000, 0x000000008fe00000|100%| E|CS|TAMS 0x000000008fd00000, 0x000000008fd00000| Complete 
| 104|0x000000008fe00000, 0x000000008ff00000, 0x000000008ff00000|100%| E|CS|TAMS 0x000000008fe00000, 0x000000008fe00000| Complete 
| 105|0x000000008ff00000, 0x0000000090000000, 0x0000000090000000|100%| E|CS|TAMS 0x000000008ff00000, 0x000000008ff00000| Complete 
| 106|0x0000000090000000, 0x0000000090100000, 0x0000000090100000|100%| E|CS|TAMS 0x0000000090000000, 0x0000000090000000| Complete 
| 107|0x0000000090100000, 0x0000000090200000, 0x0000000090200000|100%| E|CS|TAMS 0x0000000090100000, 0x0000000090100000| Complete 
| 108|0x0000000090200000, 0x0000000090300000, 0x0000000090300000|100%| E|CS|TAMS 0x0000000090200000, 0x0000000090200000| Complete 
| 109|0x0000000090300000, 0x0000000090400000, 0x0000000090400000|100%| E|CS|TAMS 0x0000000090300000, 0x0000000090300000| Complete 
| 110|0x0000000090400000, 0x0000000090500000, 0x0000000090500000|100%| E|CS|TAMS 0x0000000090400000, 0x0000000090400000| Complete 
| 111|0x0000000090500000, 0x0000000090600000, 0x0000000090600000|100%| E|CS|TAMS 0x0000000090500000, 0x0000000090500000| Complete 
| 112|0x0000000090600000, 0x0000000090700000, 0x0000000090700000|100%| E|CS|TAMS 0x0000000090600000, 0x0000000090600000| Complete 
| 113|0x0000000090700000, 0x0000000090800000, 0x0000000090800000|100%| E|CS|TAMS 0x0000000090700000, 0x0000000090700000| Complete 
| 114|0x0000000090800000, 0x0000000090900000, 0x0000000090900000|100%| E|CS|TAMS 0x0000000090800000, 0x0000000090800000| Complete 
| 115|0x0000000090900000, 0x0000000090a00000, 0x0000000090a00000|100%| E|CS|TAMS 0x0000000090900000, 0x0000000090900000| Complete 
| 116|0x0000000090a00000, 0x0000000090b00000, 0x0000000090b00000|100%| E|CS|TAMS 0x0000000090a00000, 0x0000000090a00000| Complete 
| 117|0x0000000090b00000, 0x0000000090c00000, 0x0000000090c00000|100%| E|CS|TAMS 0x0000000090b00000, 0x0000000090b00000| Complete 
| 118|0x0000000090c00000, 0x0000000090d00000, 0x0000000090d00000|100%| E|CS|TAMS 0x0000000090c00000, 0x0000000090c00000| Complete 
| 119|0x0000000090d00000, 0x0000000090e00000, 0x0000000090e00000|100%| E|CS|TAMS 0x0000000090d00000, 0x0000000090d00000| Complete 

Card table byte_map: [0x00000235fee40000,0x00000235ff200000] _byte_map_base: 0x00000235fe9f5000

Marking Bits (Prev, Next): (CMBitMap*) 0x00000235fc77e760, (CMBitMap*) 0x00000235fc77e7a0
 Prev Bits: [0x0000023596730000, 0x00000235984d8000)
 Next Bits: [0x00000235984e0000, 0x000002359a288000)

Polling page: 0x00000235fc820000

Metaspace:

Usage:
  Non-class:     15.22 MB used.
      Class:      1.96 MB used.
       Both:     17.18 MB used.

Virtual space:
  Non-class space:       16.00 MB reserved,      15.38 MB ( 96%) committed,  2 nodes.
      Class space:        1.00 GB reserved,       2.06 MB ( <1%) committed,  1 nodes.
             Both:        1.02 GB reserved,      17.44 MB (  2%) committed. 

Chunk freelists:
   Non-Class:  544.00 KB
       Class:  1.94 MB
        Both:  2.47 MB

MaxMetaspaceSize: unlimited
CompressedClassSpaceSize: 1.00 GB
Initial GC threshold: 21.00 MB
Current GC threshold: 21.00 MB
CDS: on
MetaspaceReclaimPolicy: balanced
 - commit_granule_bytes: 65536.
 - commit_granule_words: 8192.
 - virtual_space_node_default_size: 1048576.
 - enlarge_chunks_in_place: 1.
 - new_chunks_are_fully_committed: 0.
 - uncommit_free_chunks: 1.
 - use_allocation_guard: 0.
 - handle_deallocations: 1.


Internal statistics:

num_allocs_failed_limit: 0.
num_arena_births: 158.
num_arena_deaths: 0.
num_vsnodes_births: 3.
num_vsnodes_deaths: 0.
num_space_committed: 279.
num_space_uncommitted: 0.
num_chunks_returned_to_freelist: 0.
num_chunks_taken_from_freelist: 368.
num_chunk_merges: 0.
num_chunk_splits: 222.
num_chunks_enlarged: 121.
num_purges: 0.
num_inconsistent_stats: 0.

CodeHeap 'non-profiled nmethods': size=120000Kb used=637Kb max_used=637Kb free=119362Kb
 bounds [0x000002358f200000, 0x000002358f470000, 0x0000023596730000]
CodeHeap 'profiled nmethods': size=120000Kb used=3337Kb max_used=3337Kb free=116662Kb
 bounds [0x0000023587cd0000, 0x0000023588020000, 0x000002358f200000]
CodeHeap 'non-nmethods': size=5760Kb used=1357Kb max_used=1394Kb free=4402Kb
 bounds [0x0000023587730000, 0x00000235879a0000, 0x0000023587cd0000]
 total_blobs=2548 nmethods=1845 adapters=616
 compilation: enabled
              stopped_count=0, restarted_count=0
 full_count=0

Compilation events (20 events):
Event: 5.829 Thread 0x000002359c3edf40 1838       3       java.io.BufferedInputStream::getInIfOpen (21 bytes)
Event: 5.829 Thread 0x000002359c3edf40 nmethod 1838 0x000002358800df90 code [0x000002358800e140, 0x000002358800e348]
Event: 5.830 Thread 0x000002359c3edf40 1839       3       java.io.BufferedInputStream::fill (203 bytes)
Event: 5.830 Thread 0x000002359c3edf40 nmethod 1839 0x000002358800e410 code [0x000002358800e680, 0x000002358800f2e8]
Event: 5.830 Thread 0x000002359c3edf40 1840       3       java.util.zip.InflaterInputStream::available (32 bytes)
Event: 5.831 Thread 0x000002359c3edf40 nmethod 1840 0x000002358800f690 code [0x000002358800f860, 0x000002358800fd08]
Event: 5.834 Thread 0x000002359c3e26f0 nmethod 1814% 0x000002358f299690 code [0x000002358f299960, 0x000002358f29be68]
Event: 5.834 Thread 0x000002359c3e26f0 1820 % !   4       sun.awt.image.ImageRepresentation::setPixels @ 735 (1058 bytes)
Event: 5.845 Thread 0x000002359c3edf40 1842  s    3       sun.awt.image.InputStreamImageSource::doneDecoding (25 bytes)
Event: 5.846 Thread 0x000002359c3edf40 nmethod 1842 0x000002358800fe90 code [0x0000023588010040, 0x00000235880102c8]
Event: 5.846 Thread 0x000002359c3edf40 1844       3       sun.awt.image.ImageDecoder::setPixels (58 bytes)
Event: 5.846 Thread 0x000002359c3edf40 nmethod 1844 0x0000023588010390 code [0x0000023588010580, 0x0000023588010d08]
Event: 5.846 Thread 0x000002359c3edf40 1843       3       sun.awt.image.InputStreamImageSource::latchConsumers (6 bytes)
Event: 5.846 Thread 0x000002359c3edf40 nmethod 1843 0x0000023588011010 code [0x00000235880111c0, 0x0000023588011568]
Event: 5.846 Thread 0x000002359c3edf40 1845       3       java.awt.image.ReplicateScaleFilter::setPixels (226 bytes)
Event: 5.847 Thread 0x000002359c3edf40 nmethod 1845 0x0000023588011690 code [0x00000235880118a0, 0x00000235880122b8]
Event: 5.857 Thread 0x000002359c3e26f0 nmethod 1820% 0x000002358f29d090 code [0x000002358f29d280, 0x000002358f29e4a8]
Event: 5.857 Thread 0x000002359c3e26f0 1846   !   4       sun.awt.image.ImageDecoder::nextConsumer (69 bytes)
Event: 5.858 Thread 0x000002359c3e26f0 nmethod 1846 0x000002358f29f110 code [0x000002358f29f280, 0x000002358f29f578]
Event: 5.858 Thread 0x000002359c3e26f0 1841   !   4       sun.awt.image.PNGImageDecoder::produceImage (1917 bytes)

GC Heap History (2 events):
Event: 5.647 GC heap before
{Heap before GC invocations=0 (full 0):
 garbage-first heap   total 122880K, used 22528K [0x0000000089600000, 0x0000000100000000)
  region size 1024K, 23 young (23552K), 0 survivors (0K)
 Metaspace       used 16770K, committed 16960K, reserved 1064960K
  class space    used 1920K, committed 1984K, reserved 1048576K
}
Event: 5.651 GC heap after
{Heap after GC invocations=1 (full 0):
 garbage-first heap   total 122880K, used 5131K [0x0000000089600000, 0x0000000100000000)
  region size 1024K, 3 young (3072K), 3 survivors (3072K)
 Metaspace       used 16770K, committed 16960K, reserved 1064960K
  class space    used 1920K, committed 1984K, reserved 1048576K
}

Deoptimization events (20 events):
Event: 5.881 Thread 0x000002359d91cdf0 DEOPT PACKING pc=0x0000023588002b11 sp=0x00000088054fecd0
Event: 5.881 Thread 0x000002359d91cdf0 DEOPT UNPACKING pc=0x0000023587782b43 sp=0x00000088054fe208 mode 0
Event: 5.882 Thread 0x000002359d91cdf0 DEOPT PACKING pc=0x0000023588002b11 sp=0x00000088054fecd0
Event: 5.882 Thread 0x000002359d91cdf0 DEOPT UNPACKING pc=0x0000023587782b43 sp=0x00000088054fe208 mode 0
Event: 5.882 Thread 0x000002359d91cdf0 DEOPT PACKING pc=0x0000023588002b11 sp=0x00000088054fecd0
Event: 5.882 Thread 0x000002359d91cdf0 DEOPT UNPACKING pc=0x0000023587782b43 sp=0x00000088054fe208 mode 0
Event: 5.883 Thread 0x000002359d91cdf0 DEOPT PACKING pc=0x0000023588002b11 sp=0x00000088054fecd0
Event: 5.883 Thread 0x000002359d91cdf0 DEOPT UNPACKING pc=0x0000023587782b43 sp=0x00000088054fe208 mode 0
Event: 5.884 Thread 0x000002359d91cdf0 DEOPT PACKING pc=0x0000023588002b11 sp=0x00000088054fecd0
Event: 5.884 Thread 0x000002359d91cdf0 DEOPT UNPACKING pc=0x0000023587782b43 sp=0x00000088054fe208 mode 0
Event: 5.884 Thread 0x000002359d91cdf0 DEOPT PACKING pc=0x0000023588002b11 sp=0x00000088054fecd0
Event: 5.884 Thread 0x000002359d91cdf0 DEOPT UNPACKING pc=0x0000023587782b43 sp=0x00000088054fe208 mode 0
Event: 5.885 Thread 0x000002359d91cdf0 DEOPT PACKING pc=0x0000023588002b11 sp=0x00000088054fecd0
Event: 5.885 Thread 0x000002359d91cdf0 DEOPT UNPACKING pc=0x0000023587782b43 sp=0x00000088054fe208 mode 0
Event: 5.886 Thread 0x000002359d91cdf0 DEOPT PACKING pc=0x0000023588002b11 sp=0x00000088054fecd0
Event: 5.886 Thread 0x000002359d91cdf0 DEOPT UNPACKING pc=0x0000023587782b43 sp=0x00000088054fe208 mode 0
Event: 5.886 Thread 0x000002359d91cdf0 DEOPT PACKING pc=0x0000023588002b11 sp=0x00000088054fecd0
Event: 5.886 Thread 0x000002359d91cdf0 DEOPT UNPACKING pc=0x0000023587782b43 sp=0x00000088054fe208 mode 0
Event: 5.887 Thread 0x000002359d91cdf0 DEOPT PACKING pc=0x0000023588002b11 sp=0x00000088054fecd0
Event: 5.887 Thread 0x000002359d91cdf0 DEOPT UNPACKING pc=0x0000023587782b43 sp=0x00000088054fe208 mode 0

Classes unloaded (0 events):
No events

Classes redefined (0 events):
No events

Internal exceptions (20 events):
Event: 0.562 Thread 0x00000235fc73f720 Exception <a 'java/lang/NoSuchMethodError'{0x0000000090928140}: 'java.lang.Object java.lang.invoke.DirectMethodHandle$Holder.invokeStatic(java.lang.Object, int, java.lang.Object, java.lang.Object, java.lang.Object, java.lang.Object)'> (0x0000000090928140) 
thrown [t:\workspace\open\src\hotspot\share\interpreter\linkResolver.cpp, line 766]
Event: 0.568 Thread 0x00000235fc73f720 Exception <a 'java/lang/NoSuchMethodError'{0x000000009094d900}: 'java.lang.Object java.lang.invoke.DirectMethodHandle$Holder.invokeStatic(java.lang.Object, int, java.lang.Object)'> (0x000000009094d900) 
thrown [t:\workspace\open\src\hotspot\share\interpreter\linkResolver.cpp, line 766]
Event: 0.601 Thread 0x00000235fc73f720 Exception <a 'java/lang/ClassNotFoundException'{0x0000000090805dc8}: com/sun/swing/internal/plaf/metal/resources/spi/metalProvider> (0x0000000090805dc8) 
thrown [t:\workspace\open\src\hotspot\share\classfile\systemDictionary.cpp, line 256]
Event: 0.603 Thread 0x00000235fc73f720 Exception <a 'java/lang/ClassNotFoundException'{0x0000000090809c20}: com/sun/swing/internal/plaf/basic/resources/spi/basicProvider> (0x0000000090809c20) 
thrown [t:\workspace\open\src\hotspot\share\classfile\systemDictionary.cpp, line 256]
Event: 0.696 Thread 0x000002359d73c620 Exception <a 'java/io/FileNotFoundException'{0x0000000090876618}> (0x0000000090876618) 
thrown [t:\workspace\open\src\hotspot\share\prims\jni.cpp, line 516]
Event: 0.697 Thread 0x000002359d73c620 Exception <a 'java/lang/NoSuchMethodError'{0x000000009087f2c0}: 'java.lang.Object java.lang.invoke.DirectMethodHandle$Holder.newInvokeSpecial(java.lang.Object, java.lang.Object, java.lang.Object, int, int, int, int, int)'> (0x000000009087f2c0) 
thrown [t:\workspace\open\src\hotspot\share\interpreter\linkResolver.cpp, line 766]
Event: 0.738 Thread 0x00000235fc73f720 Exception <a 'java/lang/NoSuchMethodError'{0x00000000908724b0}: 'void java.lang.invoke.DirectMethodHandle$Holder.invokeStaticInit(java.lang.Object)'> (0x00000000908724b0) 
thrown [t:\workspace\open\src\hotspot\share\interpreter\linkResolver.cpp, line 766]
Event: 0.837 Thread 0x000002359d31dc10 Exception <a 'java/lang/NoSuchMethodError'{0x0000000090a94320}: 'void java.lang.invoke.DirectMethodHandle$Holder.invokeVirtual(java.lang.Object, java.lang.Object)'> (0x0000000090a94320) 
thrown [t:\workspace\open\src\hotspot\share\interpreter\linkResolver.cpp, line 766]
Event: 1.829 Thread 0x000002359c3dd630 Exception <a 'java/lang/NoSuchMethodError'{0x00000000905972e0}: 'java.lang.Object java.lang.invoke.DirectMethodHandle$Holder.invokeStaticInit(java.lang.Object, int)'> (0x00000000905972e0) 
thrown [t:\workspace\open\src\hotspot\share\interpreter\linkResolver.cpp, line 766]
Event: 5.086 Thread 0x000002359d765e10 Exception <a 'java/lang/NoSuchMethodError'{0x000000009037c070}: 'java.lang.Object java.lang.invoke.DirectMethodHandle$Holder.invokeInterface(java.lang.Object, java.lang.Object)'> (0x000000009037c070) 
thrown [t:\workspace\open\src\hotspot\share\interpreter\linkResolver.cpp, line 766]
Event: 5.105 Thread 0x000002359d765e10 Exception <a 'java/lang/NoSuchMethodError'{0x00000000903f9d90}: 'void java.lang.invoke.DirectMethodHandle$Holder.invokeStatic(java.lang.Object, java.lang.Object, java.lang.Object)'> (0x00000000903f9d90) 
thrown [t:\workspace\open\src\hotspot\share\interpreter\linkResolver.cpp, line 766]
Event: 5.107 Thread 0x000002359d765e10 Exception <a 'java/lang/NoSuchMethodError'{0x0000000090204758}: 'java.lang.Object java.lang.invoke.DirectMethodHandle$Holder.invokeVirtual(java.lang.Object, java.lang.Object, java.lang.Object)'> (0x0000000090204758) 
thrown [t:\workspace\open\src\hotspot\share\interpreter\linkResolver.cpp, line 766]
Event: 5.270 Thread 0x000002359d765e10 Exception <a 'java/lang/NoSuchMethodError'{0x000000008fd95478}: 'void java.lang.invoke.DirectMethodHandle$Holder.invokeStaticInit(java.lang.Object, java.lang.Object)'> (0x000000008fd95478) 
thrown [t:\workspace\open\src\hotspot\share\interpreter\linkResolver.cpp, line 766]
Event: 5.361 Thread 0x000002359d765e10 Exception <a 'sun/nio/fs/WindowsException'{0x000000008fcca190}> (0x000000008fcca190) 
thrown [t:\workspace\open\src\hotspot\share\prims\jni.cpp, line 516]
Event: 5.392 Thread 0x000002359d765e10 Exception <a 'java/lang/NoSuchMethodError'{0x000000008fcf09b8}: 'int java.lang.invoke.DirectMethodHandle$Holder.invokeStaticInit(java.lang.Object, java.lang.Object, java.lang.Object, java.lang.Object)'> (0x000000008fcf09b8) 
thrown [t:\workspace\open\src\hotspot\share\interpreter\linkResolver.cpp, line 766]
Event: 5.393 Thread 0x000002359d765e10 Exception <a 'java/lang/IncompatibleClassChangeError'{0x000000008fcf9eb0}: Found class java.lang.Object, but interface was expected> (0x000000008fcf9eb0) 
thrown [t:\workspace\open\src\hotspot\share\interpreter\linkResolver.cpp, line 833]
Event: 5.393 Thread 0x000002359d765e10 Exception <a 'java/lang/NoSuchMethodError'{0x000000008fcff808}: 'int java.lang.invoke.DirectMethodHandle$Holder.invokeStaticInit(java.lang.Object, java.lang.Object)'> (0x000000008fcff808) 
thrown [t:\workspace\open\src\hotspot\share\interpreter\linkResolver.cpp, line 766]
Event: 5.437 Thread 0x000002359d765e10 Exception <a 'java/lang/NoSuchMethodError'{0x000000008f9029b0}: 'java.lang.Object java.lang.invoke.DirectMethodHandle$Holder.invokeStaticInit(java.lang.Object, int, int, int, int)'> (0x000000008f9029b0) 
thrown [t:\workspace\open\src\hotspot\share\interpreter\linkResolver.cpp, line 766]
Event: 5.466 Thread 0x000002359d765e10 Exception <a 'java/lang/NoSuchMethodError'{0x000000008f966d18}: 'java.lang.Object java.lang.invoke.DirectMethodHandle$Holder.invokeStaticInit(java.lang.Object, java.lang.Object, int, int, int, int)'> (0x000000008f966d18) 
thrown [t:\workspace\open\src\hotspot\share\interpreter\linkResolver.cpp, line 766]
Event: 5.764 Thread 0x000002359d765e10 Exception <a 'java/io/IOException'{0x0000000090bb3328}> (0x0000000090bb3328) 
thrown [t:\workspace\open\src\hotspot\share\prims\jni.cpp, line 516]

VM Operations (20 events):
Event: 2.792 Executing VM operation: Cleanup
Event: 2.792 Executing VM operation: Cleanup done
Event: 3.803 Executing VM operation: Cleanup
Event: 3.803 Executing VM operation: Cleanup done
Event: 4.808 Executing VM operation: Cleanup
Event: 4.808 Executing VM operation: Cleanup done
Event: 5.065 Executing VM operation: HandshakeAllThreads
Event: 5.065 Executing VM operation: HandshakeAllThreads done
Event: 5.276 Executing VM operation: HandshakeAllThreads
Event: 5.276 Executing VM operation: HandshakeAllThreads done
Event: 5.374 Executing VM operation: HandshakeAllThreads
Event: 5.374 Executing VM operation: HandshakeAllThreads done
Event: 5.501 Executing VM operation: ICBufferFull
Event: 5.501 Executing VM operation: ICBufferFull done
Event: 5.613 Executing VM operation: HandshakeAllThreads
Event: 5.614 Executing VM operation: HandshakeAllThreads done
Event: 5.646 Executing VM operation: G1CollectForAllocation
Event: 5.651 Executing VM operation: G1CollectForAllocation done
Event: 5.843 Executing VM operation: HandshakeAllThreads
Event: 5.843 Executing VM operation: HandshakeAllThreads done

Events (20 events):
Event: 5.766 loading class java/awt/KeyboardFocusManager$2 done
Event: 5.766 loading class sun/awt/SunToolkit$1
Event: 5.766 loading class sun/awt/SunToolkit$1 done
Event: 5.771 loading class javax/swing/Autoscroller
Event: 5.772 loading class javax/swing/Autoscroller done
Event: 5.773 loading class java/awt/LightweightDispatcher$2
Event: 5.773 loading class java/awt/LightweightDispatcher$2 done
Event: 5.777 Thread 0x000002359d91cdf0 Thread added: 0x000002359d91cdf0
Event: 5.779 loading class sun/awt/image/PNGImageDecoder
Event: 5.780 loading class sun/awt/image/ImageDecoder
Event: 5.780 loading class sun/awt/image/ImageDecoder done
Event: 5.780 loading class sun/awt/image/PNGImageDecoder done
Event: 5.780 loading class sun/awt/image/PNGFilterInputStream
Event: 5.780 loading class sun/awt/image/PNGFilterInputStream done
Event: 5.842 loading class java/awt/image/ReplicateScaleFilter
Event: 5.842 loading class java/awt/image/ImageFilter
Event: 5.842 loading class java/awt/image/ImageFilter done
Event: 5.843 loading class java/awt/image/ReplicateScaleFilter done
Event: 5.843 loading class java/awt/image/FilteredImageSource
Event: 5.843 loading class java/awt/image/FilteredImageSource done


Dynamic libraries:
0x00007ff7ed880000 - 0x00007ff7ed890000 	C:\Program Files\Java\jdk-17\bin\java.exe
0x00007fffb9be0000 - 0x00007fffb9de9000 	C:\WINDOWS\SYSTEM32\ntdll.dll
0x00007fffb92c0000 - 0x00007fffb937d000 	C:\WINDOWS\System32\KERNEL32.DLL
0x00007fffb7140000 - 0x00007fffb74b9000 	C:\WINDOWS\System32\KERNELBASE.dll
0x00007fffb78e0000 - 0x00007fffb79f1000 	C:\WINDOWS\System32\ucrtbase.dll
0x00007fff92b30000 - 0x00007fff92b4a000 	C:\Program Files\Java\jdk-17\bin\VCRUNTIME140.dll
0x00007fff91400000 - 0x00007fff91418000 	C:\Program Files\Java\jdk-17\bin\jli.dll
0x00007fffb8760000 - 0x00007fffb880e000 	C:\WINDOWS\System32\ADVAPI32.dll
0x00007fffb86b0000 - 0x00007fffb8753000 	C:\WINDOWS\System32\msvcrt.dll
0x00007fffb93f0000 - 0x00007fffb948e000 	C:\WINDOWS\System32\sechost.dll
0x00007fffb8290000 - 0x00007fffb83b0000 	C:\WINDOWS\System32\RPCRT4.dll
0x00007fffb9110000 - 0x00007fffb92bc000 	C:\WINDOWS\System32\USER32.dll
0x00007fff94ea0000 - 0x00007fff95145000 	C:\WINDOWS\WinSxS\amd64_microsoft.windows.common-controls_6595b64144ccf1df_6.0.22000.120_none_9d947278b86cc467\COMCTL32.dll
0x00007fffb7630000 - 0x00007fffb7656000 	C:\WINDOWS\System32\win32u.dll
0x00007fffb81a0000 - 0x00007fffb81c9000 	C:\WINDOWS\System32\GDI32.dll
0x00007fffb7660000 - 0x00007fffb7772000 	C:\WINDOWS\System32\gdi32full.dll
0x00007fffafc60000 - 0x00007fffafc6a000 	C:\WINDOWS\SYSTEM32\VERSION.dll
0x00007fffb7840000 - 0x00007fffb78dd000 	C:\WINDOWS\System32\msvcp_win.dll
0x00007fffb8ff0000 - 0x00007fffb9021000 	C:\WINDOWS\System32\IMM32.DLL
0x00007fff96a50000 - 0x00007fff96a5c000 	C:\Program Files\Java\jdk-17\bin\vcruntime140_1.dll
0x00007fff84680000 - 0x00007fff8470d000 	C:\Program Files\Java\jdk-17\bin\msvcp140.dll
0x00007fff3b990000 - 0x00007fff3c54e000 	C:\Program Files\Java\jdk-17\bin\server\jvm.dll
0x00007fff97f10000 - 0x00007fff97f19000 	C:\WINDOWS\SYSTEM32\WSOCK32.dll
0x00007fffb1a20000 - 0x00007fffb1a53000 	C:\WINDOWS\SYSTEM32\WINMM.dll
0x00007fffb8280000 - 0x00007fffb8288000 	C:\WINDOWS\System32\PSAPI.DLL
0x00007fffb9380000 - 0x00007fffb93ef000 	C:\WINDOWS\System32\WS2_32.dll
0x00007fffb61d0000 - 0x00007fffb61e8000 	C:\WINDOWS\SYSTEM32\kernel.appcore.dll
0x00007fff964e0000 - 0x00007fff964ea000 	C:\Program Files\Java\jdk-17\bin\jimage.dll
0x00007fffb4d20000 - 0x00007fffb4f41000 	C:\WINDOWS\SYSTEM32\DBGHELP.DLL
0x00007fffa7120000 - 0x00007fffa7151000 	C:\WINDOWS\SYSTEM32\dbgcore.DLL
0x00007fffb7a00000 - 0x00007fffb7a7f000 	C:\WINDOWS\System32\bcryptPrimitives.dll
0x00007fff8f640000 - 0x00007fff8f64e000 	C:\Program Files\Java\jdk-17\bin\instrument.dll
0x00007fff8f5d0000 - 0x00007fff8f5f5000 	C:\Program Files\Java\jdk-17\bin\java.dll
0x00007fff61c50000 - 0x00007fff61d26000 	C:\Program Files\Java\jdk-17\bin\svml.dll
0x00007fffb8840000 - 0x00007fffb8fef000 	C:\WINDOWS\System32\SHELL32.dll
0x00007fffb5240000 - 0x00007fffb5aa8000 	C:\WINDOWS\SYSTEM32\windows.storage.dll
0x00007fffb9500000 - 0x00007fffb9878000 	C:\WINDOWS\System32\combase.dll
0x00007fffb50d0000 - 0x00007fffb5236000 	C:\WINDOWS\SYSTEM32\wintypes.dll
0x00007fffb83b0000 - 0x00007fffb849a000 	C:\WINDOWS\System32\SHCORE.dll
0x00007fffb9910000 - 0x00007fffb996d000 	C:\WINDOWS\System32\shlwapi.dll
0x00007fffb7000000 - 0x00007fffb7021000 	C:\WINDOWS\SYSTEM32\profapi.dll
0x00007fff90290000 - 0x00007fff902a8000 	C:\Program Files\Java\jdk-17\bin\zip.dll
0x00007fff91010000 - 0x00007fff91029000 	C:\Program Files\Java\jdk-17\bin\net.dll
0x00007fffb1ea0000 - 0x00007fffb1fac000 	C:\WINDOWS\SYSTEM32\WINHTTP.dll
0x00007fffb6600000 - 0x00007fffb6667000 	C:\WINDOWS\system32\mswsock.dll
0x00007fff90740000 - 0x00007fff90755000 	C:\Program Files\Java\jdk-17\bin\nio.dll
0x00007fff8d4e0000 - 0x00007fff8d4fa000 	C:\Program Files\JetBrains\IntelliJ IDEA Community Edition 2022.1\bin\breakgen64.dll
0x00007fff51eb0000 - 0x00007fff5203f000 	C:\Program Files\Java\jdk-17\bin\awt.dll
0x00007fffb9030000 - 0x00007fffb9106000 	C:\WINDOWS\System32\OLEAUT32.dll
0x00007fffb41b0000 - 0x00007fffb4241000 	C:\WINDOWS\SYSTEM32\apphelp.dll
0x00007fffb48c0000 - 0x00007fffb48ef000 	C:\WINDOWS\system32\DWMAPI.DLL
0x00007fffb4510000 - 0x00007fffb45bc000 	C:\WINDOWS\system32\uxtheme.dll
0x00007fff6dee0000 - 0x00007fff6dfe1000 	C:\WINDOWS\system32\opengl32.dll
0x00007fff6deb0000 - 0x00007fff6dedd000 	C:\WINDOWS\SYSTEM32\GLU32.dll
0x00007fffb4620000 - 0x00007fffb4658000 	C:\WINDOWS\SYSTEM32\dxcore.dll
0x00007fffb9a80000 - 0x00007fffb9b9e000 	C:\WINDOWS\System32\MSCTF.dll
0x00007fffb84b0000 - 0x00007fffb864a000 	C:\WINDOWS\System32\ole32.dll
0x00007fff6d1e0000 - 0x00007fff6d386000 	C:\WINDOWS\system32\d3d9.dll
0x00007fffabd50000 - 0x00007fffabf08000 	C:\WINDOWS\System32\DriverStore\FileRepository\u0376209.inf_amd64_b3bdffadea4def3f\B374968\aticfx64.dll
0x00007fff6d160000 - 0x00007fff6d194000 	C:\WINDOWS\System32\DriverStore\FileRepository\u0376209.inf_amd64_b3bdffadea4def3f\B374968\atiu9p64.dll
0x00007fff6c400000 - 0x00007fff6d154000 	C:\WINDOWS\System32\DriverStore\FileRepository\u0376209.inf_amd64_b3bdffadea4def3f\B374968\atiumd64.dll
0x00000000725e0000 - 0x0000000073455000 	C:\WINDOWS\System32\DriverStore\FileRepository\u0376209.inf_amd64_b3bdffadea4def3f\B374968\atiumd6a.dll
0x00007fffb7a80000 - 0x00007fffb7eec000 	C:\WINDOWS\System32\SETUPAPI.dll
0x00007fffb6fa0000 - 0x00007fffb6fed000 	C:\WINDOWS\SYSTEM32\POWRPROF.dll
0x00007fffb6f80000 - 0x00007fffb6f93000 	C:\WINDOWS\SYSTEM32\UMPDC.dll
0x00007fffa71d0000 - 0x00007fffa7200000 	C:\WINDOWS\SYSTEM32\amdihk64.dll
0x00007fffafe20000 - 0x00007fffafe64000 	C:\WINDOWS\SYSTEM32\directxdatabasehelper.dll
0x00007fffb4780000 - 0x00007fffb47b4000 	C:\WINDOWS\SYSTEM32\ntmarta.dll
0x00007fff74010000 - 0x00007fff74099000 	C:\Program Files\Java\jdk-17\bin\freetype.dll
0x00007fff626f0000 - 0x00007fff62798000 	C:\Program Files\Java\jdk-17\bin\fontmanager.dll
0x00007fffb81d0000 - 0x00007fffb827f000 	C:\WINDOWS\System32\clbcatq.dll
0x00007fffae060000 - 0x00007fffae20e000 	C:\WINDOWS\SYSTEM32\WindowsCodecs.dll
0x00007fff8deb0000 - 0x00007fff8df0d000 	C:\WINDOWS\system32\dataexchange.dll
0x00007fffacf00000 - 0x00007fffad166000 	C:\WINDOWS\system32\twinapi.appcore.dll
0x00007fff99330000 - 0x00007fff9945d000 	C:\WINDOWS\SYSTEM32\textinputframework.dll
0x00007fffb3910000 - 0x00007fffb3a42000 	C:\WINDOWS\SYSTEM32\CoreMessaging.dll
0x00007fffaf650000 - 0x00007fffaf9bd000 	C:\WINDOWS\SYSTEM32\CoreUIComponents.dll
0x00007fffb6860000 - 0x00007fffb686c000 	C:\WINDOWS\SYSTEM32\CRYPTBASE.DLL
0x00007fffb5d70000 - 0x00007fffb5e58000 	C:\WINDOWS\SYSTEM32\DNSAPI.dll
0x00007fffb5d00000 - 0x00007fffb5d2d000 	C:\WINDOWS\SYSTEM32\IPHLPAPI.DLL
0x00007fffb8810000 - 0x00007fffb8819000 	C:\WINDOWS\System32\NSI.dll
0x0000000073ce0000 - 0x0000000073d06000 	C:\Program Files\Bonjour\mdnsNSP.dll
0x00007fffaf0a0000 - 0x00007fffaf0aa000 	C:\Windows\System32\rasadhlp.dll
0x00007fffafe70000 - 0x00007fffafef1000 	C:\WINDOWS\System32\fwpuclnt.dll
0x00007fff8e280000 - 0x00007fff8e28e000 	C:\Program Files\Java\jdk-17\bin\sunmscapi.dll
0x00007fffb74c0000 - 0x00007fffb7622000 	C:\WINDOWS\System32\CRYPT32.dll
0x00007fffb6990000 - 0x00007fffb69b8000 	C:\WINDOWS\SYSTEM32\ncrypt.dll
0x00007fffb6950000 - 0x00007fffb6987000 	C:\WINDOWS\SYSTEM32\NTASN1.dll
0x00007fffb6840000 - 0x00007fffb6858000 	C:\WINDOWS\SYSTEM32\CRYPTSP.dll
0x00007fffb6130000 - 0x00007fffb6165000 	C:\WINDOWS\system32\rsaenh.dll
0x00007fffb66f0000 - 0x00007fffb6719000 	C:\WINDOWS\SYSTEM32\USERENV.dll
0x00007fffb69c0000 - 0x00007fffb69e7000 	C:\WINDOWS\SYSTEM32\bcrypt.dll
0x00007fffb1940000 - 0x00007fffb1959000 	C:\WINDOWS\SYSTEM32\dhcpcsvc6.DLL
0x00007fffb2990000 - 0x00007fffb29ae000 	C:\WINDOWS\SYSTEM32\dhcpcsvc.DLL

dbghelp: loaded successfully - version: 4.0.5 - missing functions: none
symbol engine: initialized successfully - sym options: 0x614 - pdb path: .;C:\Program Files\Java\jdk-17\bin;C:\WINDOWS\SYSTEM32;C:\WINDOWS\WinSxS\amd64_microsoft.windows.common-controls_6595b64144ccf1df_6.0.22000.120_none_9d947278b86cc467;C:\Program Files\Java\jdk-17\bin\server;C:\Program Files\JetBrains\IntelliJ IDEA Community Edition 2022.1\bin;C:\WINDOWS\System32\DriverStore\FileRepository\u0376209.inf_amd64_b3bdffadea4def3f\B374968;C:\Program Files\Bonjour

VM Arguments:
jvm_args: -javaagent:C:\Program Files\JetBrains\IntelliJ IDEA Community Edition 2022.1\lib\idea_rt.jar=50668:C:\Program Files\JetBrains\IntelliJ IDEA Community Edition 2022.1\bin -Dfile.encoding=UTF-8 
java_command: Frames.Main
java_class_path (initial): C:\Users\Musta\Desktop\GitHub\Java\JavaPOS\out\production\untitled;C:\Users\Musta\Desktop\java\mysql-connector-java-8.0.29\mysql-connector-java-8.0.29.jar;C:\Users\Musta\Desktop\GitHub\Java\JavaPOS\jdatepicker-1.3.4.jar
Launcher Type: SUN_STANDARD

[Global flags]
     intx CICompilerCount                          = 4                                         {product} {ergonomic}
     uint ConcGCThreads                            = 2                                         {product} {ergonomic}
     uint G1ConcRefinementThreads                  = 8                                         {product} {ergonomic}
   size_t G1HeapRegionSize                         = 1048576                                   {product} {ergonomic}
    uintx GCDrainStackTargetSize                   = 64                                        {product} {ergonomic}
   size_t InitialHeapSize                          = 125829120                                 {product} {ergonomic}
   size_t MarkStackSize                            = 4194304                                   {product} {ergonomic}
   size_t MaxHeapSize                              = 1990197248                                {product} {ergonomic}
   size_t MaxNewSize                               = 1193279488                                {product} {ergonomic}
   size_t MinHeapDeltaBytes                        = 1048576                                   {product} {ergonomic}
   size_t MinHeapSize                              = 8388608                                   {product} {ergonomic}
    uintx NonNMethodCodeHeapSize                   = 5839372                                {pd product} {ergonomic}
    uintx NonProfiledCodeHeapSize                  = 122909434                              {pd product} {ergonomic}
    uintx ProfiledCodeHeapSize                     = 122909434                              {pd product} {ergonomic}
    uintx ReservedCodeCacheSize                    = 251658240                              {pd product} {ergonomic}
     bool SegmentedCodeCache                       = true                                      {product} {ergonomic}
   size_t SoftMaxHeapSize                          = 1990197248                             {manageable} {ergonomic}
     bool UseCompressedClassPointers               = true                           {product lp64_product} {ergonomic}
     bool UseCompressedOops                        = true                           {product lp64_product} {ergonomic}
     bool UseG1GC                                  = true                                      {product} {ergonomic}
     bool UseLargePagesIndividualAllocation        = false                                  {pd product} {ergonomic}

Logging:
Log output configuration:
 #0: stdout all=warning uptime,level,tags
 #1: stderr all=off uptime,level,tags

Environment Variables:
PATH=C:\Program Files (x86)\Embarcadero\Studio\22.0\bin;C:\Users\Public\Documents\Embarcadero\Studio\22.0\Bpl;C:\Program Files (x86)\Embarcadero\Studio\22.0\bin64;C:\Users\Public\Documents\Embarcadero\Studio\22.0\Bpl\Win64;C:\Program Files\Microsoft\jdk-11.0.12.7-hotspot\bin;C:\Program Files\Common Files\Oracle\Java\javapath;C:\Program Files (x86)\NVIDIA Corporation\PhysX\Common;C:\Program Files (x86)\Common Files\Oracle\Java\javapath;C:\ProgramData\Oracle\Java\javapath;C:\WINDOWS\system32;C:\WINDOWS;C:\WINDOWS\System32\Wbem;C:\WINDOWS\System32\WindowsPowerShell\v1.0\;C:\WINDOWS\System32\OpenSSH\;C:\Program Files\Microsoft SQL Server\150\Tools\Binn\;C:\Program Files\Microsoft SQL Server\Client SDK\ODBC\170\Tools\Binn\;C:\Program Files (x86)\Microsoft SQL Server\150\DTS\Binn\;C:\Program Files\Azure Data Studio\bin;C:\Program Files (x86)\Microsoft SQL Server\150\Tools\Binn\;C:\Program Files\Microsoft SQL Server\150\DTS\Binn\;C:\Program Files\dotnet\;C:\Program Files\Git\cmd;C:\Program Files\MySQL\MySQL Shell 8.0\bin\;C:\Users\Musta\AppData\Local\Microsoft\WindowsApps;C:\Users\Musta\AppData\Local\Programs\Microsoft VS Code\bin;C:\Program Files\Azure Data Studio\bin;C:\Users\Musta\AppData\Local\GitHubDesktop\bin;C:\Users\Musta\.dotnet\tools
USERNAME=Musta
OS=Windows_NT
PROCESSOR_IDENTIFIER=AMD64 Family 23 Model 96 Stepping 1, AuthenticAMD



---------------  S Y S T E M  ---------------

OS:
 Windows 10 , 64 bit Build 22000 (10.0.22000.675)
OS uptime: 0 days 4:00 hours

CPU: total 8 (initial active 8) (8 cores per cpu, 2 threads per core) family 23 model 96 stepping 1 microcode 0x0, cx8, cmov, fxsr, ht, mmx, 3dnowpref, sse, sse2, sse3, ssse3, sse4a, sse4.1, sse4.2, popcnt, lzcnt, tsc, tscinvbit, avx, avx2, aes, clmul, bmi1, bmi2, adx, sha, fma, vzeroupper, clflush, clflushopt

Memory: 4k page, system-wide physical 7590M (467M free)
TotalPageFile size 15782M (AvailPageFile size 17M)
current process WorkingSet (physical memory assigned to process): 159M, peak: 159M
current process commit charge ("private bytes"): 247M, peak: 248M

vm_info: Java HotSpot(TM) 64-Bit Server VM (17+35-LTS-2724) for windows-amd64 JRE (17+35-LTS-2724), built on Aug  5 2021 23:28:28 by "mach5one" with MS VC++ 16.8 (VS2019)

END.
